[INFO ] 2024-02-08 15:30:17.481 [TestNG-tests-1] DriverFactory - browser name is: chrome
[INFO ] 2024-02-08 15:30:17.486 [TestNG-tests-1] DriverFactory - running it on local
[INFO ] 2024-02-08 15:34:03.859 [TestNG-tests-1] DriverFactory - browser name is: chrome
[INFO ] 2024-02-08 15:34:03.865 [TestNG-tests-1] DriverFactory - running it on local
[INFO ] 2024-02-08 15:39:21.369 [TestNG-tests-1] DriverFactory - browser name is: chrome
[INFO ] 2024-02-08 15:39:21.379 [TestNG-tests-1] DriverFactory - running it on local
[INFO ] 2024-02-08 15:48:23.880 [TestNG-tests-1] DriverFactory - browser name is: chrome
[INFO ] 2024-02-08 15:48:23.896 [TestNG-tests-1] DriverFactory - running it on local
[INFO ] 2024-02-08 15:51:51.396 [TestNG-tests-1] DriverFactory - browser name is: chrome
[INFO ] 2024-02-08 15:51:51.404 [TestNG-tests-1] DriverFactory - running it on local
[INFO ] 2024-02-08 16:05:27.335 [TestNG-tests-1] DriverFactory - browser name is: chrome
[INFO ] 2024-02-08 16:05:27.341 [TestNG-tests-1] DriverFactory - running it on local
[INFO ] 2024-02-08 16:17:59.824 [TestNG-tests-1] DriverFactory - browser name is: chrome
[INFO ] 2024-02-08 16:17:59.829 [TestNG-tests-1] DriverFactory - running it on local
[INFO ] 2024-02-08 16:20:23.220 [TestNG-tests-1] DriverFactory - browser name is: chrome
[INFO ] 2024-02-08 16:20:23.227 [TestNG-tests-1] DriverFactory - running it on local
[INFO ] 2024-02-08 16:23:20.384 [TestNG-tests-1] DriverFactory - browser name is: chrome
[INFO ] 2024-02-08 16:23:20.391 [TestNG-tests-1] DriverFactory - running it on local
[INFO ] 2024-02-08 16:26:41.116 [TestNG-tests-1] DriverFactory - browser name is: chrome
[INFO ] 2024-02-08 16:26:41.125 [TestNG-tests-1] DriverFactory - running it on local
[INFO ] 2024-02-08 16:28:39.692 [TestNG-tests-1] DriverFactory - browser name is: chrome
[INFO ] 2024-02-08 16:28:39.700 [TestNG-tests-1] DriverFactory - running it on local
[INFO ] 2024-02-08 16:30:20.950 [TestNG-tests-1] DriverFactory - browser name is: chrome
[INFO ] 2024-02-08 16:30:20.957 [TestNG-tests-1] DriverFactory - running it on local
[INFO ] 2024-02-08 16:35:18.612 [TestNG-tests-1] DriverFactory - browser name is: chrome
[INFO ] 2024-02-08 16:35:18.619 [TestNG-tests-1] DriverFactory - running it on local
[INFO ] 2024-02-08 16:37:01.254 [TestNG-tests-1] DriverFactory - browser name is: chrome
[INFO ] 2024-02-08 16:37:01.262 [TestNG-tests-1] DriverFactory - running it on local
[INFO ] 2024-02-08 16:40:29.773 [TestNG-tests-1] DriverFactory - browser name is: chrome
[INFO ] 2024-02-08 16:40:29.780 [TestNG-tests-1] DriverFactory - running it on local
[INFO ] 2024-02-08 16:41:30.363 [TestNG-tests-1] DriverFactory - browser name is: chrome
[INFO ] 2024-02-08 16:41:30.373 [TestNG-tests-1] DriverFactory - running it on local
[INFO ] 2024-02-08 16:46:24.539 [TestNG-tests-1] DriverFactory - browser name is: chrome
[INFO ] 2024-02-08 16:46:24.545 [TestNG-tests-1] DriverFactory - running it on local
[INFO ] 2024-02-08 16:47:19.274 [TestNG-tests-1] DriverFactory - browser name is: chrome
[INFO ] 2024-02-08 16:47:19.283 [TestNG-tests-1] DriverFactory - running it on local
[INFO ] 2024-02-08 16:49:00.139 [TestNG-tests-1] DriverFactory - browser name is: chrome
[INFO ] 2024-02-08 16:49:00.146 [TestNG-tests-1] DriverFactory - running it on local
[INFO ] 2024-02-08 16:50:29.116 [TestNG-tests-1] DriverFactory - browser name is: chrome
[INFO ] 2024-02-08 16:50:29.124 [TestNG-tests-1] DriverFactory - running it on local
[INFO ] 2024-02-08 16:51:22.187 [TestNG-tests-1] DriverFactory - browser name is: chrome
[INFO ] 2024-02-08 16:51:22.196 [TestNG-tests-1] DriverFactory - running it on local
[INFO ] 2024-02-08 16:52:38.478 [TestNG-tests-1] DriverFactory - browser name is: chrome
[INFO ] 2024-02-08 16:52:38.491 [TestNG-tests-1] DriverFactory - running it on local
[INFO ] 2024-02-08 16:53:56.386 [TestNG-tests-1] DriverFactory - browser name is: chrome
[INFO ] 2024-02-08 16:53:56.395 [TestNG-tests-1] DriverFactory - running it on local
[INFO ] 2024-02-08 16:54:50.777 [TestNG-tests-1] DriverFactory - browser name is: chrome
[INFO ] 2024-02-08 16:54:50.785 [TestNG-tests-1] DriverFactory - running it on local
[INFO ] 2024-02-08 16:56:21.007 [TestNG-tests-1] DriverFactory - browser name is: chrome
[INFO ] 2024-02-08 16:56:21.014 [TestNG-tests-1] DriverFactory - running it on local
[INFO ] 2024-02-08 16:56:57.818 [TestNG-tests-1] DriverFactory - browser name is: chrome
[INFO ] 2024-02-08 16:56:57.826 [TestNG-tests-1] DriverFactory - running it on local
[INFO ] 2024-02-08 17:02:16.291 [TestNG-tests-1] DriverFactory - browser name is: chrome
[INFO ] 2024-02-08 17:02:16.303 [TestNG-tests-1] DriverFactory - running it on local
[INFO ] 2024-02-08 17:02:48.006 [TestNG-tests-1] DriverFactory - browser name is: chrome
[INFO ] 2024-02-08 17:02:48.013 [TestNG-tests-1] DriverFactory - running it on local
[INFO ] 2024-02-08 17:04:56.432 [TestNG-tests-1] DriverFactory - browser name is: chrome
[INFO ] 2024-02-08 17:04:56.442 [TestNG-tests-1] DriverFactory - running it on local
[INFO ] 2024-02-08 17:07:16.482 [TestNG-tests-1] DriverFactory - browser name is: chrome
[INFO ] 2024-02-08 17:07:16.492 [TestNG-tests-1] DriverFactory - running it on local
[INFO ] 2024-02-08 17:07:43.870 [TestNG-tests-1] DriverFactory - browser name is: chrome
[INFO ] 2024-02-08 17:07:43.887 [TestNG-tests-1] DriverFactory - running it on local
[INFO ] 2024-02-08 17:22:34.553 [TestNG-tests-1] DriverFactory - browser name is: chrome
[INFO ] 2024-02-08 17:22:34.575 [TestNG-tests-1] DriverFactory - running it on local
[INFO ] 2024-02-08 17:23:27.796 [TestNG-tests-1] DriverFactory - browser name is: chrome
[INFO ] 2024-02-08 17:23:27.807 [TestNG-tests-1] DriverFactory - running it on local
[INFO ] 2024-02-08 17:27:40.527 [TestNG-tests-1] DriverFactory - browser name is: chrome
[INFO ] 2024-02-08 17:27:40.537 [TestNG-tests-1] DriverFactory - running it on local
[INFO ] 2024-02-08 17:29:49.192 [TestNG-tests-1] DriverFactory - browser name is: chrome
[INFO ] 2024-02-08 17:29:49.200 [TestNG-tests-1] DriverFactory - running it on local
[INFO ] 2024-02-08 17:31:46.733 [TestNG-tests-1] DriverFactory - browser name is: chrome
[INFO ] 2024-02-08 17:31:46.742 [TestNG-tests-1] DriverFactory - running it on local
[INFO ] 2024-02-08 17:34:33.569 [TestNG-tests-1] DriverFactory - browser name is: chrome
[INFO ] 2024-02-08 17:34:33.582 [TestNG-tests-1] DriverFactory - running it on local
[INFO ] 2024-02-08 17:46:04.873 [TestNG-tests-1] DriverFactory - browser name is: chrome
[INFO ] 2024-02-08 17:46:04.886 [TestNG-tests-1] DriverFactory - running it on local
[INFO ] 2024-02-08 17:47:57.820 [TestNG-tests-1] DriverFactory - browser name is: chrome
[INFO ] 2024-02-08 17:47:57.830 [TestNG-tests-1] DriverFactory - running it on local
[INFO ] 2024-02-08 17:48:56.915 [TestNG-tests-1] DriverFactory - browser name is: chrome
[INFO ] 2024-02-08 17:48:56.926 [TestNG-tests-1] DriverFactory - running it on local
[INFO ] 2024-02-08 17:50:33.187 [TestNG-tests-1] DriverFactory - browser name is: chrome
[INFO ] 2024-02-08 17:50:33.199 [TestNG-tests-1] DriverFactory - running it on local
[INFO ] 2024-02-08 17:52:50.992 [TestNG-tests-1] DriverFactory - browser name is: chrome
[INFO ] 2024-02-08 17:52:51.001 [TestNG-tests-1] DriverFactory - running it on local
[INFO ] 2024-02-08 18:00:06.689 [TestNG-tests-1] DriverFactory - browser name is: chrome
[INFO ] 2024-02-08 18:00:06.709 [TestNG-tests-1] DriverFactory - running it on local
[INFO ] 2024-02-08 18:01:31.377 [TestNG-tests-1] DriverFactory - browser name is: chrome
[INFO ] 2024-02-08 18:01:31.395 [TestNG-tests-1] DriverFactory - running it on local
[INFO ] 2024-02-08 18:03:43.610 [TestNG-tests-1] DriverFactory - browser name is: chrome
[INFO ] 2024-02-08 18:03:43.620 [TestNG-tests-1] DriverFactory - running it on local
[INFO ] 2024-02-08 18:05:18.189 [TestNG-tests-1] DriverFactory - browser name is: chrome
[INFO ] 2024-02-08 18:05:18.204 [TestNG-tests-1] DriverFactory - running it on local
[INFO ] 2024-02-08 18:06:15.746 [TestNG-tests-1] DriverFactory - browser name is: chrome
[INFO ] 2024-02-08 18:06:15.763 [TestNG-tests-1] DriverFactory - running it on local
[INFO ] 2024-02-08 18:13:20.833 [TestNG-tests-1] DriverFactory - browser name is: chrome
[INFO ] 2024-02-08 18:13:20.850 [TestNG-tests-1] DriverFactory - running it on local
[INFO ] 2024-02-08 18:14:57.164 [TestNG-tests-1] DriverFactory - browser name is: chrome
[INFO ] 2024-02-08 18:14:57.179 [TestNG-tests-1] DriverFactory - running it on local
[INFO ] 2024-02-08 18:16:59.795 [TestNG-tests-1] DriverFactory - browser name is: chrome
[INFO ] 2024-02-08 18:16:59.810 [TestNG-tests-1] DriverFactory - running it on local
[INFO ] 2024-02-08 18:18:57.895 [TestNG-tests-1] DriverFactory - browser name is: chrome
[INFO ] 2024-02-08 18:18:57.910 [TestNG-tests-1] DriverFactory - running it on local
[INFO ] 2024-02-08 18:21:52.698 [TestNG-tests-1] DriverFactory - browser name is: chrome
[INFO ] 2024-02-08 18:21:52.709 [TestNG-tests-1] DriverFactory - running it on local
[INFO ] 2024-02-08 18:28:41.610 [TestNG-tests-1] DriverFactory - browser name is: chrome
[INFO ] 2024-02-08 18:28:41.621 [TestNG-tests-1] DriverFactory - running it on local
[INFO ] 2024-02-08 18:34:05.793 [TestNG-tests-1] DriverFactory - browser name is: chrome
[INFO ] 2024-02-08 18:34:05.820 [TestNG-tests-1] DriverFactory - running it on local
[INFO ] 2024-02-08 18:37:00.965 [TestNG-tests-1] DriverFactory - browser name is: chrome
[INFO ] 2024-02-08 18:37:00.979 [TestNG-tests-1] DriverFactory - running it on local
[INFO ] 2024-02-08 18:38:59.610 [TestNG-tests-1] DriverFactory - browser name is: chrome
[INFO ] 2024-02-08 18:38:59.623 [TestNG-tests-1] DriverFactory - running it on local
[INFO ] 2024-02-08 18:41:47.654 [TestNG-tests-1] DriverFactory - browser name is: chrome
[INFO ] 2024-02-08 18:41:47.668 [TestNG-tests-1] DriverFactory - running it on local
[INFO ] 2024-02-08 18:42:55.769 [TestNG-tests-1] DriverFactory - browser name is: chrome
[INFO ] 2024-02-08 18:42:55.777 [TestNG-tests-1] DriverFactory - running it on local
[INFO ] 2024-02-09 10:38:31.604 [TestNG-tests-1] DriverFactory - browser name is: chrome
[INFO ] 2024-02-09 10:38:31.609 [TestNG-tests-1] DriverFactory - running it on local
[INFO ] 2024-02-09 10:43:59.836 [TestNG-tests-1] DriverFactory - browser name is: chrome
[INFO ] 2024-02-09 10:43:59.842 [TestNG-tests-1] DriverFactory - running it on local
[INFO ] 2024-02-09 10:53:01.947 [TestNG-tests-1] DriverFactory - browser name is: chrome
[INFO ] 2024-02-09 10:53:01.953 [TestNG-tests-1] DriverFactory - running it on local
[INFO ] 2024-02-09 10:55:47.002 [TestNG-tests-1] DriverFactory - browser name is: chrome
[INFO ] 2024-02-09 10:55:47.007 [TestNG-tests-1] DriverFactory - running it on local
[INFO ] 2024-02-09 10:58:11.080 [TestNG-tests-1] DriverFactory - browser name is: chrome
[INFO ] 2024-02-09 10:58:11.086 [TestNG-tests-1] DriverFactory - running it on local
[INFO ] 2024-02-09 11:03:15.743 [TestNG-tests-1] DriverFactory - browser name is: chrome
[INFO ] 2024-02-09 11:03:15.748 [TestNG-tests-1] DriverFactory - running it on local
[INFO ] 2024-02-09 11:11:33.225 [TestNG-tests-1] DriverFactory - browser name is: chrome
[INFO ] 2024-02-09 11:11:33.237 [TestNG-tests-1] DriverFactory - running it on local
[INFO ] 2024-02-09 11:12:54.345 [TestNG-tests-1] DriverFactory - browser name is: chrome
[INFO ] 2024-02-09 11:12:54.354 [TestNG-tests-1] DriverFactory - running it on local
[INFO ] 2024-02-09 11:15:30.230 [TestNG-tests-1] DriverFactory - browser name is: chrome
[INFO ] 2024-02-09 11:15:30.235 [TestNG-tests-1] DriverFactory - running it on local
[INFO ] 2024-02-09 11:18:40.175 [TestNG-tests-1] DriverFactory - browser name is: chrome
[INFO ] 2024-02-09 11:18:40.181 [TestNG-tests-1] DriverFactory - running it on local
[INFO ] 2024-02-09 11:28:36.139 [TestNG-tests-1] DriverFactory - browser name is: chrome
[INFO ] 2024-02-09 11:28:36.148 [TestNG-tests-1] DriverFactory - running it on local
[INFO ] 2024-02-09 11:32:44.978 [TestNG-tests-1] DriverFactory - browser name is: chrome
[INFO ] 2024-02-09 11:32:44.983 [TestNG-tests-1] DriverFactory - running it on local
[INFO ] 2024-02-09 11:34:51.680 [TestNG-tests-1] DriverFactory - browser name is: chrome
[INFO ] 2024-02-09 11:34:51.690 [TestNG-tests-1] DriverFactory - running it on local
[INFO ] 2024-02-09 11:38:11.082 [TestNG-tests-1] DriverFactory - browser name is: chrome
[INFO ] 2024-02-09 11:38:11.091 [TestNG-tests-1] DriverFactory - running it on local
[INFO ] 2024-02-09 12:17:38.862 [TestNG-tests-1] DriverFactory - browser name is: chrome
[INFO ] 2024-02-09 12:17:38.868 [TestNG-tests-1] DriverFactory - running it on local
[INFO ] 2024-02-09 12:27:02.414 [TestNG-tests-1] DriverFactory - browser name is: chrome
[INFO ] 2024-02-09 12:27:02.424 [TestNG-tests-1] DriverFactory - running it on local
[INFO ] 2024-02-09 12:31:25.465 [TestNG-tests-1] DriverFactory - browser name is: chrome
[INFO ] 2024-02-09 12:31:25.471 [TestNG-tests-1] DriverFactory - running it on local
[INFO ] 2024-02-09 13:57:31.824 [TestNG-tests-1] DriverFactory - browser name is: chrome
[INFO ] 2024-02-09 13:57:31.832 [TestNG-tests-1] DriverFactory - running it on local
[INFO ] 2024-02-09 14:50:37.934 [TestNG-tests-1] DriverFactory - browser name is: chrome
[INFO ] 2024-02-09 14:50:37.938 [TestNG-tests-1] DriverFactory - running it on local
[INFO ] 2024-02-09 14:55:13.276 [TestNG-tests-1] DriverFactory - browser name is: chrome
[INFO ] 2024-02-09 14:55:13.281 [TestNG-tests-1] DriverFactory - running it on local
[INFO ] 2024-02-09 15:25:29.655 [TestNG-tests-1] DriverFactory - browser name is: chrome
[INFO ] 2024-02-09 15:25:29.662 [TestNG-tests-1] DriverFactory - running it on local
[INFO ] 2024-02-09 16:40:20.667 [TestNG-tests-1] DriverFactory - browser name is: chrome
[INFO ] 2024-02-09 16:40:20.676 [TestNG-tests-1] DriverFactory - running it on local
[INFO ] 2024-02-09 16:43:31.054 [TestNG-tests-1] DriverFactory - browser name is: chrome
[INFO ] 2024-02-09 16:43:31.058 [TestNG-tests-1] DriverFactory - running it on local
[INFO ] 2024-02-09 16:49:02.411 [TestNG-tests-1] DriverFactory - browser name is: chrome
[INFO ] 2024-02-09 16:49:02.416 [TestNG-tests-1] DriverFactory - running it on local
[INFO ] 2024-02-09 16:52:48.290 [TestNG-tests-1] DriverFactory - browser name is: chrome
[INFO ] 2024-02-09 16:52:48.295 [TestNG-tests-1] DriverFactory - running it on local
[INFO ] 2024-02-09 16:54:26.933 [TestNG-tests-1] DriverFactory - browser name is: chrome
[INFO ] 2024-02-09 16:54:26.939 [TestNG-tests-1] DriverFactory - running it on local
[INFO ] 2024-02-09 16:58:52.175 [TestNG-tests-1] DriverFactory - browser name is: chrome
[INFO ] 2024-02-09 16:58:52.180 [TestNG-tests-1] DriverFactory - running it on local
[INFO ] 2024-02-09 17:00:27.367 [TestNG-tests-1] DriverFactory - browser name is: chrome
[INFO ] 2024-02-09 17:00:27.377 [TestNG-tests-1] DriverFactory - running it on local
[INFO ] 2024-02-09 17:04:10.805 [TestNG-tests-1] DriverFactory - browser name is: chrome
[INFO ] 2024-02-09 17:04:10.811 [TestNG-tests-1] DriverFactory - running it on local
[INFO ] 2024-02-09 17:07:30.941 [TestNG-tests-1] DriverFactory - browser name is: chrome
[INFO ] 2024-02-09 17:07:30.954 [TestNG-tests-1] DriverFactory - running it on local
[INFO ] 2024-02-09 17:10:27.240 [TestNG-tests-1] DriverFactory - browser name is: chrome
[INFO ] 2024-02-09 17:10:27.250 [TestNG-tests-1] DriverFactory - running it on local
[INFO ] 2024-02-09 17:12:38.949 [TestNG-tests-1] DriverFactory - browser name is: chrome
[INFO ] 2024-02-09 17:12:38.954 [TestNG-tests-1] DriverFactory - running it on local
[INFO ] 2024-02-09 17:26:50.774 [TestNG-tests-1] DriverFactory - browser name is: chrome
[INFO ] 2024-02-09 17:26:50.780 [TestNG-tests-1] DriverFactory - running it on local
[INFO ] 2024-02-09 17:31:34.563 [TestNG-tests-1] DriverFactory - browser name is: chrome
[INFO ] 2024-02-09 17:31:34.570 [TestNG-tests-1] DriverFactory - running it on local
[INFO ] 2024-02-09 17:36:46.058 [TestNG-tests-1] DriverFactory - browser name is: chrome
[INFO ] 2024-02-09 17:36:46.065 [TestNG-tests-1] DriverFactory - running it on local
[INFO ] 2024-02-09 17:40:08.829 [TestNG-tests-1] DriverFactory - browser name is: chrome
[INFO ] 2024-02-09 17:40:08.834 [TestNG-tests-1] DriverFactory - running it on local
[INFO ] 2024-02-09 17:48:19.006 [TestNG-tests-1] DriverFactory - browser name is: chrome
[INFO ] 2024-02-09 17:48:19.011 [TestNG-tests-1] DriverFactory - running it on local
[INFO ] 2024-02-09 17:59:57.531 [TestNG-tests-1] DriverFactory - browser name is: chrome
[INFO ] 2024-02-09 17:59:57.538 [TestNG-tests-1] DriverFactory - running it on local
[INFO ] 2024-02-09 18:01:57.932 [TestNG-tests-1] DriverFactory - browser name is: chrome
[INFO ] 2024-02-09 18:01:57.957 [TestNG-tests-1] DriverFactory - running it on local
[INFO ] 2024-02-09 18:03:26.594 [TestNG-tests-1] DriverFactory - browser name is: chrome
[INFO ] 2024-02-09 18:03:26.602 [TestNG-tests-1] DriverFactory - running it on local
[INFO ] 2024-02-09 18:07:31.642 [TestNG-tests-1] DriverFactory - browser name is: chrome
[INFO ] 2024-02-09 18:07:31.658 [TestNG-tests-1] DriverFactory - running it on local
[INFO ] 2024-02-09 18:09:54.245 [TestNG-tests-1] DriverFactory - browser name is: chrome
[INFO ] 2024-02-09 18:09:54.254 [TestNG-tests-1] DriverFactory - running it on local
[INFO ] 2024-02-09 18:22:47.961 [TestNG-tests-1] DriverFactory - browser name is: chrome
[INFO ] 2024-02-09 18:22:47.966 [TestNG-tests-1] DriverFactory - running it on local
[INFO ] 2024-02-09 18:53:26.391 [TestNG-tests-1] DriverFactory - browser name is: chrome
[INFO ] 2024-02-09 18:53:26.396 [TestNG-tests-1] DriverFactory - running it on local
[INFO ] 2024-02-12 10:30:45.387 [TestNG-tests-1] DriverFactory - browser name is: chrome
[INFO ] 2024-02-12 10:30:45.393 [TestNG-tests-1] DriverFactory - running it on local
[INFO ] 2024-02-12 10:44:53.342 [TestNG-tests-1] DriverFactory - browser name is: chrome
[INFO ] 2024-02-12 10:44:53.349 [TestNG-tests-1] DriverFactory - running it on local
[INFO ] 2024-02-12 10:50:26.619 [TestNG-tests-1] DriverFactory - browser name is: chrome
[INFO ] 2024-02-12 10:50:26.623 [TestNG-tests-1] DriverFactory - running it on local
[INFO ] 2024-02-12 10:54:38.236 [TestNG-tests-1] DriverFactory - browser name is: chrome
[INFO ] 2024-02-12 10:54:38.243 [TestNG-tests-1] DriverFactory - running it on local
[INFO ] 2024-02-12 10:57:34.966 [TestNG-tests-1] DriverFactory - browser name is: chrome
[INFO ] 2024-02-12 10:57:34.970 [TestNG-tests-1] DriverFactory - running it on local
[INFO ] 2024-02-12 11:00:06.860 [TestNG-tests-1] DriverFactory - browser name is: chrome
[INFO ] 2024-02-12 11:00:06.865 [TestNG-tests-1] DriverFactory - running it on local
[INFO ] 2024-02-12 11:01:56.664 [TestNG-tests-1] DriverFactory - browser name is: chrome
[INFO ] 2024-02-12 11:01:56.670 [TestNG-tests-1] DriverFactory - running it on local
[INFO ] 2024-02-12 11:03:22.242 [TestNG-tests-1] DriverFactory - browser name is: chrome
[INFO ] 2024-02-12 11:03:22.252 [TestNG-tests-1] DriverFactory - running it on local
[INFO ] 2024-02-12 11:05:38.558 [TestNG-tests-1] DriverFactory - browser name is: chrome
[INFO ] 2024-02-12 11:05:38.565 [TestNG-tests-1] DriverFactory - running it on local
[INFO ] 2024-02-12 11:08:49.099 [TestNG-tests-1] DriverFactory - browser name is: chrome
[INFO ] 2024-02-12 11:08:49.106 [TestNG-tests-1] DriverFactory - running it on local
[INFO ] 2024-02-12 11:10:35.311 [TestNG-tests-1] DriverFactory - browser name is: chrome
[INFO ] 2024-02-12 11:10:35.317 [TestNG-tests-1] DriverFactory - running it on local
[INFO ] 2024-02-12 11:21:17.724 [TestNG-tests-1] DriverFactory - browser name is: chrome
[INFO ] 2024-02-12 11:21:17.733 [TestNG-tests-1] DriverFactory - running it on local
[INFO ] 2024-02-12 11:22:17.373 [TestNG-tests-1] DriverFactory - browser name is: chrome
[INFO ] 2024-02-12 11:22:17.380 [TestNG-tests-1] DriverFactory - running it on local
[INFO ] 2024-02-12 11:23:24.300 [TestNG-tests-1] DriverFactory - browser name is: chrome
[INFO ] 2024-02-12 11:23:24.305 [TestNG-tests-1] DriverFactory - running it on local
[INFO ] 2024-02-12 11:27:33.781 [TestNG-tests-1] DriverFactory - browser name is: chrome
[INFO ] 2024-02-12 11:27:33.792 [TestNG-tests-1] DriverFactory - running it on local
[INFO ] 2024-02-12 11:29:39.042 [TestNG-tests-1] DriverFactory - browser name is: chrome
[INFO ] 2024-02-12 11:29:39.047 [TestNG-tests-1] DriverFactory - running it on local
[INFO ] 2024-02-12 11:34:06.295 [TestNG-tests-1] DriverFactory - browser name is: chrome
[INFO ] 2024-02-12 11:34:06.308 [TestNG-tests-1] DriverFactory - running it on local
[INFO ] 2024-02-12 11:35:38.281 [TestNG-tests-1] DriverFactory - browser name is: chrome
[INFO ] 2024-02-12 11:35:38.291 [TestNG-tests-1] DriverFactory - running it on local
[INFO ] 2024-02-12 11:40:50.495 [TestNG-tests-1] DriverFactory - browser name is: chrome
[INFO ] 2024-02-12 11:40:50.500 [TestNG-tests-1] DriverFactory - running it on local
[INFO ] 2024-02-12 11:46:29.508 [TestNG-tests-1] DriverFactory - browser name is: chrome
[INFO ] 2024-02-12 11:46:29.513 [TestNG-tests-1] DriverFactory - running it on local
[INFO ] 2024-02-12 11:50:44.779 [TestNG-tests-1] DriverFactory - browser name is: chrome
[INFO ] 2024-02-12 11:50:44.786 [TestNG-tests-1] DriverFactory - running it on local
[INFO ] 2024-02-12 11:52:26.940 [TestNG-tests-1] DriverFactory - browser name is: chrome
[INFO ] 2024-02-12 11:52:26.945 [TestNG-tests-1] DriverFactory - running it on local
[INFO ] 2024-02-12 11:55:51.400 [TestNG-tests-1] DriverFactory - browser name is: chrome
[INFO ] 2024-02-12 11:55:51.405 [TestNG-tests-1] DriverFactory - running it on local
[INFO ] 2024-02-12 11:58:58.282 [TestNG-tests-1] DriverFactory - browser name is: chrome
[INFO ] 2024-02-12 11:58:58.287 [TestNG-tests-1] DriverFactory - running it on local
[INFO ] 2024-02-12 12:01:06.785 [TestNG-tests-1] DriverFactory - browser name is: chrome
[INFO ] 2024-02-12 12:01:06.794 [TestNG-tests-1] DriverFactory - running it on local
[INFO ] 2024-02-12 12:02:39.710 [TestNG-tests-1] DriverFactory - browser name is: chrome
[INFO ] 2024-02-12 12:02:39.717 [TestNG-tests-1] DriverFactory - running it on local
[INFO ] 2024-02-12 12:04:29.977 [TestNG-tests-1] DriverFactory - browser name is: chrome
[INFO ] 2024-02-12 12:04:29.985 [TestNG-tests-1] DriverFactory - running it on local
[INFO ] 2024-02-12 12:34:29.255 [TestNG-tests-1] DriverFactory - browser name is: chrome
[INFO ] 2024-02-12 12:34:29.259 [TestNG-tests-1] DriverFactory - running it on local
[INFO ] 2024-02-12 12:39:14.925 [TestNG-tests-1] DriverFactory - browser name is: chrome
[INFO ] 2024-02-12 12:39:14.930 [TestNG-tests-1] DriverFactory - running it on local
[INFO ] 2024-02-12 12:41:50.327 [TestNG-tests-1] DriverFactory - browser name is: chrome
[INFO ] 2024-02-12 12:41:50.332 [TestNG-tests-1] DriverFactory - running it on local
[INFO ] 2024-02-12 12:43:58.382 [TestNG-tests-1] DriverFactory - browser name is: chrome
[INFO ] 2024-02-12 12:43:58.389 [TestNG-tests-1] DriverFactory - running it on local
[INFO ] 2024-02-12 12:51:40.967 [TestNG-tests-1] DriverFactory - browser name is: chrome
[INFO ] 2024-02-12 12:51:40.973 [TestNG-tests-1] DriverFactory - running it on local
[INFO ] 2024-02-12 12:58:32.205 [TestNG-tests-1] DriverFactory - browser name is: chrome
[INFO ] 2024-02-12 12:58:32.213 [TestNG-tests-1] DriverFactory - running it on local
[INFO ] 2024-02-12 13:45:34.131 [TestNG-tests-1] DriverFactory - browser name is: chrome
[INFO ] 2024-02-12 13:45:34.136 [TestNG-tests-1] DriverFactory - running it on local
[INFO ] 2024-02-12 13:50:33.081 [TestNG-tests-1] DriverFactory - browser name is: chrome
[INFO ] 2024-02-12 13:50:33.088 [TestNG-tests-1] DriverFactory - running it on local
[INFO ] 2024-02-12 14:00:02.263 [TestNG-tests-1] DriverFactory - browser name is: chrome
[INFO ] 2024-02-12 14:00:02.270 [TestNG-tests-1] DriverFactory - running it on local
[INFO ] 2024-02-12 14:06:07.883 [TestNG-tests-1] DriverFactory - browser name is: chrome
[INFO ] 2024-02-12 14:06:07.891 [TestNG-tests-1] DriverFactory - running it on local
[INFO ] 2024-02-12 14:08:11.997 [TestNG-tests-1] DriverFactory - browser name is: chrome
[INFO ] 2024-02-12 14:08:12.001 [TestNG-tests-1] DriverFactory - running it on local
[INFO ] 2024-02-12 14:11:40.662 [TestNG-tests-1] DriverFactory - browser name is: chrome
[INFO ] 2024-02-12 14:11:40.668 [TestNG-tests-1] DriverFactory - running it on local
[INFO ] 2024-02-12 14:21:16.781 [TestNG-tests-1] DriverFactory - browser name is: chrome
[INFO ] 2024-02-12 14:21:16.788 [TestNG-tests-1] DriverFactory - running it on local
[INFO ] 2024-02-12 14:23:49.958 [TestNG-tests-1] DriverFactory - browser name is: chrome
[INFO ] 2024-02-12 14:23:49.963 [TestNG-tests-1] DriverFactory - running it on local
[INFO ] 2024-02-12 14:25:26.964 [TestNG-tests-1] DriverFactory - browser name is: chrome
[INFO ] 2024-02-12 14:25:26.970 [TestNG-tests-1] DriverFactory - running it on local
[INFO ] 2024-02-12 14:28:08.089 [TestNG-tests-1] DriverFactory - browser name is: chrome
[INFO ] 2024-02-12 14:28:08.094 [TestNG-tests-1] DriverFactory - running it on local
[INFO ] 2024-02-12 14:32:57.279 [TestNG-tests-1] DriverFactory - browser name is: chrome
[INFO ] 2024-02-12 14:32:57.279 [TestNG-tests-2] DriverFactory - browser name is: chrome
[INFO ] 2024-02-12 14:32:57.283 [TestNG-tests-1] DriverFactory - running it on local
[INFO ] 2024-02-12 14:32:57.283 [TestNG-tests-2] DriverFactory - running it on local
[INFO ] 2024-02-12 14:34:23.205 [main] DriverFactory - browser name is: chrome
[INFO ] 2024-02-12 14:34:23.213 [main] DriverFactory - running it on local
[INFO ] 2024-02-12 14:36:15.413 [main] DriverFactory - browser name is: chrome
[INFO ] 2024-02-12 14:36:15.414 [main] DriverFactory - running it on local
[INFO ] 2024-02-12 14:47:26.249 [main] DriverFactory - browser name is: chrome
[INFO ] 2024-02-12 14:47:26.255 [main] DriverFactory - running it on local
[INFO ] 2024-02-12 14:48:41.956 [main] DriverFactory - browser name is: chrome
[INFO ] 2024-02-12 14:48:41.963 [main] DriverFactory - running it on local
[INFO ] 2024-02-12 14:50:15.850 [main] DriverFactory - browser name is: chrome
[INFO ] 2024-02-12 14:50:15.856 [main] DriverFactory - running it on local
[INFO ] 2024-02-12 15:02:13.588 [main] DriverFactory - browser name is: chrome
[INFO ] 2024-02-12 15:02:13.594 [main] DriverFactory - running it on local
[INFO ] 2024-02-12 15:02:51.529 [main] DriverFactory - browser name is: chrome
[INFO ] 2024-02-12 15:02:51.537 [main] DriverFactory - running it on local
[INFO ] 2024-02-12 15:07:22.223 [main] DriverFactory - browser name is: chrome
[INFO ] 2024-02-12 15:07:22.228 [main] DriverFactory - running it on local
[INFO ] 2024-02-12 15:12:19.067 [main] DriverFactory - browser name is: chrome
[INFO ] 2024-02-12 15:12:19.074 [main] DriverFactory - running it on local
[INFO ] 2024-02-12 15:12:27.120 [main] DriverFactory - browser name is: chrome
[INFO ] 2024-02-12 15:12:27.135 [main] DriverFactory - running it on local
[INFO ] 2024-02-12 15:19:47.884 [main] DriverFactory - browser name is: chrome
[INFO ] 2024-02-12 15:19:47.894 [main] DriverFactory - running it on local
[INFO ] 2024-02-12 15:23:46.721 [main] DriverFactory - browser name is: chrome
[INFO ] 2024-02-12 15:23:46.728 [main] DriverFactory - running it on local
[INFO ] 2024-02-12 15:26:23.058 [main] DriverFactory - browser name is: chrome
[INFO ] 2024-02-12 15:26:23.063 [main] DriverFactory - running it on local
[INFO ] 2024-02-12 15:28:37.806 [main] DriverFactory - browser name is: chrome
[INFO ] 2024-02-12 15:28:37.810 [main] DriverFactory - running it on local
[INFO ] 2024-02-12 15:32:18.399 [main] DriverFactory - browser name is: chrome
[INFO ] 2024-02-12 15:32:18.404 [main] DriverFactory - running it on local
[INFO ] 2024-02-12 15:33:52.350 [main] DriverFactory - browser name is: chrome
[INFO ] 2024-02-12 15:33:52.358 [main] DriverFactory - running it on local
[INFO ] 2024-02-12 15:40:05.240 [main] DriverFactory - browser name is: chrome
[INFO ] 2024-02-12 15:40:05.247 [main] DriverFactory - running it on local
[INFO ] 2024-02-12 15:43:03.465 [main] DriverFactory - browser name is: chrome
[INFO ] 2024-02-12 15:43:03.475 [main] DriverFactory - running it on local
[INFO ] 2024-02-12 15:47:03.711 [main] DriverFactory - browser name is: chrome
[INFO ] 2024-02-12 15:47:03.723 [main] DriverFactory - running it on local
[INFO ] 2024-02-12 15:54:06.562 [main] DriverFactory - browser name is: chrome
[INFO ] 2024-02-12 15:54:06.569 [main] DriverFactory - running it on local
[INFO ] 2024-02-12 16:02:53.968 [main] DriverFactory - browser name is: chrome
[INFO ] 2024-02-12 16:02:53.975 [main] DriverFactory - running it on local
[INFO ] 2024-02-12 16:11:37.996 [main] DriverFactory - browser name is: chrome
[INFO ] 2024-02-12 16:11:38.010 [main] DriverFactory - running it on local
[INFO ] 2024-02-12 16:23:03.942 [main] DriverFactory - browser name is: chrome
[INFO ] 2024-02-12 16:23:03.950 [main] DriverFactory - running it on local
[INFO ] 2024-02-12 16:26:34.813 [main] DriverFactory - browser name is: chrome
[INFO ] 2024-02-12 16:26:34.819 [main] DriverFactory - running it on local
[INFO ] 2024-02-12 16:30:57.183 [main] DriverFactory - browser name is: chrome
[INFO ] 2024-02-12 16:30:57.189 [main] DriverFactory - running it on local
[INFO ] 2024-02-12 17:28:34.175 [main] DriverFactory - browser name is: chrome
[INFO ] 2024-02-12 17:28:34.185 [main] DriverFactory - running it on local
[INFO ] 2024-02-12 17:29:49.380 [main] DriverFactory - browser name is: chrome
[INFO ] 2024-02-12 17:29:49.387 [main] DriverFactory - running it on local
[INFO ] 2024-02-12 17:34:22.251 [main] DriverFactory - browser name is: chrome
[INFO ] 2024-02-12 17:34:22.266 [main] DriverFactory - running it on local
[INFO ] 2024-02-12 17:37:21.425 [main] DriverFactory - browser name is: chrome
[INFO ] 2024-02-12 17:37:21.431 [main] DriverFactory - running it on local
[INFO ] 2024-02-12 17:39:12.538 [main] DriverFactory - browser name is: chrome
[INFO ] 2024-02-12 17:39:12.543 [main] DriverFactory - running it on local
[INFO ] 2024-02-12 17:41:57.539 [main] DriverFactory - browser name is: chrome
[INFO ] 2024-02-12 17:41:57.546 [main] DriverFactory - running it on local
[INFO ] 2024-02-12 17:45:00.633 [main] DriverFactory - browser name is: chrome
[INFO ] 2024-02-12 17:45:00.639 [main] DriverFactory - running it on local
[INFO ] 2024-02-12 17:49:32.101 [main] DriverFactory - browser name is: chrome
[INFO ] 2024-02-12 17:49:32.111 [main] DriverFactory - running it on local
[INFO ] 2024-02-12 18:03:43.084 [main] DriverFactory - browser name is: chrome
[INFO ] 2024-02-12 18:03:43.092 [main] DriverFactory - running it on local
[INFO ] 2024-02-12 18:06:21.740 [main] DriverFactory - browser name is: chrome
[INFO ] 2024-02-12 18:06:21.747 [main] DriverFactory - running it on local
[INFO ] 2024-02-12 18:19:51.305 [main] DriverFactory - browser name is: chrome
[INFO ] 2024-02-12 18:19:51.312 [main] DriverFactory - running it on local
[INFO ] 2024-02-12 18:38:27.269 [main] DriverFactory - browser name is: chrome
[INFO ] 2024-02-12 18:38:27.275 [main] DriverFactory - running it on local
[INFO ] 2024-02-12 18:39:52.088 [main] DriverFactory - browser name is: chrome
[INFO ] 2024-02-12 18:39:52.092 [main] DriverFactory - running it on local
[INFO ] 2024-02-12 18:49:52.504 [main] DriverFactory - browser name is: chrome
[INFO ] 2024-02-12 18:49:52.514 [main] DriverFactory - running it on local
[INFO ] 2024-02-12 18:53:46.229 [main] DriverFactory - browser name is: chrome
[INFO ] 2024-02-12 18:53:46.243 [main] DriverFactory - running it on local
[INFO ] 2024-02-13 10:29:04.178 [main] DriverFactory - browser name is: chrome
[INFO ] 2024-02-13 10:29:04.184 [main] DriverFactory - running it on local
[INFO ] 2024-02-13 10:41:07.005 [main] DriverFactory - browser name is: chrome
[INFO ] 2024-02-13 10:41:07.012 [main] DriverFactory - running it on local
[INFO ] 2024-02-13 10:43:47.581 [main] DriverFactory - browser name is: chrome
[INFO ] 2024-02-13 10:43:47.589 [main] DriverFactory - running it on local
[INFO ] 2024-02-13 10:47:45.958 [main] DriverFactory - browser name is: chrome
[INFO ] 2024-02-13 10:47:45.972 [main] DriverFactory - running it on local
[INFO ] 2024-02-13 10:50:05.168 [main] DriverFactory - browser name is: chrome
[INFO ] 2024-02-13 10:50:05.177 [main] DriverFactory - running it on local
[INFO ] 2024-02-13 10:52:05.199 [main] DriverFactory - browser name is: chrome
[INFO ] 2024-02-13 10:52:05.206 [main] DriverFactory - running it on local
[INFO ] 2024-02-13 10:57:53.079 [main] DriverFactory - browser name is: chrome
[INFO ] 2024-02-13 10:57:53.086 [main] DriverFactory - running it on local
[INFO ] 2024-02-13 10:59:03.883 [main] DriverFactory - browser name is: chrome
[INFO ] 2024-02-13 10:59:03.889 [main] DriverFactory - running it on local
[INFO ] 2024-02-13 11:00:03.683 [main] DriverFactory - browser name is: chrome
[INFO ] 2024-02-13 11:00:03.690 [main] DriverFactory - running it on local
[INFO ] 2024-02-13 11:01:22.664 [main] DriverFactory - browser name is: chrome
[INFO ] 2024-02-13 11:01:22.670 [main] DriverFactory - running it on local
[INFO ] 2024-02-13 11:02:41.772 [main] DriverFactory - browser name is: chrome
[INFO ] 2024-02-13 11:02:41.777 [main] DriverFactory - running it on local
[INFO ] 2024-02-13 11:06:36.826 [main] DriverFactory - browser name is: chrome
[INFO ] 2024-02-13 11:06:36.839 [main] DriverFactory - running it on local
[INFO ] 2024-02-13 11:08:04.414 [main] DriverFactory - browser name is: chrome
[INFO ] 2024-02-13 11:08:04.421 [main] DriverFactory - running it on local
[INFO ] 2024-02-13 11:09:05.435 [main] DriverFactory - browser name is: chrome
[INFO ] 2024-02-13 11:09:05.441 [main] DriverFactory - running it on local
[INFO ] 2024-02-13 11:10:04.505 [main] DriverFactory - browser name is: chrome
[INFO ] 2024-02-13 11:10:04.512 [main] DriverFactory - running it on local
[INFO ] 2024-02-13 11:13:07.990 [main] DriverFactory - browser name is: chrome
[INFO ] 2024-02-13 11:13:07.996 [main] DriverFactory - running it on local
[INFO ] 2024-02-13 11:19:09.500 [main] DriverFactory - browser name is: chrome
[INFO ] 2024-02-13 11:19:09.510 [main] DriverFactory - running it on local
[INFO ] 2024-02-13 11:20:22.305 [main] DriverFactory - browser name is: chrome
[INFO ] 2024-02-13 11:20:22.311 [main] DriverFactory - running it on local
[INFO ] 2024-02-13 11:21:12.429 [main] DriverFactory - browser name is: chrome
[INFO ] 2024-02-13 11:21:12.434 [main] DriverFactory - running it on local
[INFO ] 2024-02-13 11:22:57.323 [main] DriverFactory - browser name is: chrome
[INFO ] 2024-02-13 11:22:57.332 [main] DriverFactory - running it on local
[INFO ] 2024-02-13 11:24:39.323 [main] DriverFactory - browser name is: chrome
[INFO ] 2024-02-13 11:24:39.329 [main] DriverFactory - running it on local
[INFO ] 2024-02-13 11:26:38.815 [main] DriverFactory - browser name is: chrome
[INFO ] 2024-02-13 11:26:38.823 [main] DriverFactory - running it on local
[INFO ] 2024-02-13 11:27:28.848 [main] DriverFactory - browser name is: chrome
[INFO ] 2024-02-13 11:27:28.875 [main] DriverFactory - running it on local
[INFO ] 2024-02-13 11:28:25.454 [main] DriverFactory - browser name is: chrome
[INFO ] 2024-02-13 11:28:25.462 [main] DriverFactory - running it on local
[INFO ] 2024-02-13 11:29:50.978 [main] DriverFactory - browser name is: chrome
[INFO ] 2024-02-13 11:29:50.984 [main] DriverFactory - running it on local
[INFO ] 2024-02-13 11:31:34.780 [main] DriverFactory - browser name is: chrome
[INFO ] 2024-02-13 11:31:34.784 [main] DriverFactory - running it on local
[INFO ] 2024-02-13 11:37:07.576 [main] DriverFactory - browser name is: chrome
[INFO ] 2024-02-13 11:37:07.584 [main] DriverFactory - running it on local
[INFO ] 2024-02-13 11:37:54.892 [main] DriverFactory - browser name is: chrome
[INFO ] 2024-02-13 11:37:54.901 [main] DriverFactory - running it on local
[INFO ] 2024-02-13 11:38:55.602 [main] DriverFactory - browser name is: chrome
[INFO ] 2024-02-13 11:38:55.609 [main] DriverFactory - running it on local
[INFO ] 2024-02-13 11:41:05.830 [main] DriverFactory - browser name is: chrome
[INFO ] 2024-02-13 11:41:05.835 [main] DriverFactory - running it on local
[INFO ] 2024-02-13 11:42:57.600 [main] DriverFactory - browser name is: chrome
[INFO ] 2024-02-13 11:42:57.608 [main] DriverFactory - running it on local
[INFO ] 2024-02-13 11:44:56.587 [main] DriverFactory - browser name is: chrome
[INFO ] 2024-02-13 11:44:56.593 [main] DriverFactory - running it on local
[INFO ] 2024-02-13 11:50:06.280 [main] DriverFactory - browser name is: chrome
[INFO ] 2024-02-13 11:50:06.287 [main] DriverFactory - running it on local
[INFO ] 2024-02-13 11:51:01.395 [main] DriverFactory - browser name is: chrome
[INFO ] 2024-02-13 11:51:01.402 [main] DriverFactory - running it on local
[INFO ] 2024-02-13 11:52:34.845 [main] DriverFactory - browser name is: chrome
[INFO ] 2024-02-13 11:52:34.851 [main] DriverFactory - running it on local
[INFO ] 2024-02-13 11:53:49.081 [main] DriverFactory - browser name is: chrome
[INFO ] 2024-02-13 11:53:49.088 [main] DriverFactory - running it on local
[INFO ] 2024-02-13 11:55:36.525 [main] DriverFactory - browser name is: chrome
[INFO ] 2024-02-13 11:55:36.531 [main] DriverFactory - running it on local
[INFO ] 2024-02-13 11:56:43.926 [main] DriverFactory - browser name is: chrome
[INFO ] 2024-02-13 11:56:43.934 [main] DriverFactory - running it on local
[INFO ] 2024-02-13 11:58:01.801 [main] DriverFactory - browser name is: chrome
[INFO ] 2024-02-13 11:58:01.806 [main] DriverFactory - running it on local
[INFO ] 2024-02-13 11:59:34.059 [main] DriverFactory - browser name is: chrome
[INFO ] 2024-02-13 11:59:34.066 [main] DriverFactory - running it on local
[INFO ] 2024-02-13 12:14:31.423 [main] DriverFactory - browser name is: chrome
[INFO ] 2024-02-13 12:14:31.435 [main] DriverFactory - running it on local
[INFO ] 2024-02-13 12:20:44.826 [main] DriverFactory - browser name is: chrome
[INFO ] 2024-02-13 12:20:44.833 [main] DriverFactory - running it on local
[INFO ] 2024-02-13 12:27:31.385 [main] DriverFactory - browser name is: chrome
[INFO ] 2024-02-13 12:27:31.394 [main] DriverFactory - running it on local
[INFO ] 2024-02-13 12:30:35.026 [main] DriverFactory - browser name is: chrome
[INFO ] 2024-02-13 12:30:35.033 [main] DriverFactory - running it on local
[INFO ] 2024-02-13 12:34:00.095 [main] DriverFactory - browser name is: chrome
[INFO ] 2024-02-13 12:34:00.102 [main] DriverFactory - running it on local
[INFO ] 2024-02-13 12:36:05.457 [main] DriverFactory - browser name is: chrome
[INFO ] 2024-02-13 12:36:05.463 [main] DriverFactory - running it on local
[INFO ] 2024-02-13 12:41:51.318 [main] DriverFactory - browser name is: chrome
[INFO ] 2024-02-13 12:41:51.325 [main] DriverFactory - running it on local
[INFO ] 2024-02-13 12:47:58.918 [main] DriverFactory - browser name is: chrome
[INFO ] 2024-02-13 12:47:58.924 [main] DriverFactory - running it on local
[INFO ] 2024-02-13 13:57:55.777 [main] DriverFactory - browser name is: chrome
[INFO ] 2024-02-13 13:57:55.785 [main] DriverFactory - running it on local
[INFO ] 2024-02-13 13:58:23.980 [main] DriverFactory - browser name is: chrome
[INFO ] 2024-02-13 13:58:23.985 [main] DriverFactory - running it on local
[INFO ] 2024-02-13 13:59:13.981 [main] DriverFactory - browser name is: chrome
[INFO ] 2024-02-13 13:59:13.986 [main] DriverFactory - running it on local
[INFO ] 2024-02-13 14:00:16.034 [main] DriverFactory - browser name is: chrome
[INFO ] 2024-02-13 14:00:16.041 [main] DriverFactory - running it on local
[INFO ] 2024-02-13 14:17:39.111 [main] DriverFactory - browser name is: chrome
[INFO ] 2024-02-13 14:17:39.118 [main] DriverFactory - running it on local
[INFO ] 2024-02-13 14:19:49.403 [main] DriverFactory - browser name is: chrome
[INFO ] 2024-02-13 14:19:49.409 [main] DriverFactory - running it on local
[INFO ] 2024-02-13 14:22:38.139 [main] DriverFactory - browser name is: chrome
[INFO ] 2024-02-13 14:22:38.145 [main] DriverFactory - running it on local
[INFO ] 2024-02-13 14:44:08.567 [main] DriverFactory - browser name is: chrome
[INFO ] 2024-02-13 14:44:08.575 [main] DriverFactory - running it on local
[INFO ] 2024-02-13 14:48:34.748 [main] DriverFactory - browser name is: chrome
[INFO ] 2024-02-13 14:48:34.755 [main] DriverFactory - running it on local
[INFO ] 2024-02-13 15:34:07.510 [main] DriverFactory - browser name is: chrome
[INFO ] 2024-02-13 15:34:07.520 [main] DriverFactory - running it on local
[INFO ] 2024-02-13 15:42:46.460 [main] DriverFactory - browser name is: chrome
[INFO ] 2024-02-13 15:42:46.468 [main] DriverFactory - running it on local
[INFO ] 2024-02-13 15:46:00.529 [main] DriverFactory - browser name is: chrome
[INFO ] 2024-02-13 15:46:00.536 [main] DriverFactory - running it on local
[INFO ] 2024-02-13 15:46:26.698 [main] DriverFactory - browser name is: chrome
[INFO ] 2024-02-13 15:46:26.715 [main] DriverFactory - running it on local
[INFO ] 2024-02-13 15:47:20.202 [main] DriverFactory - browser name is: chrome
[INFO ] 2024-02-13 15:47:20.215 [main] DriverFactory - running it on local
[INFO ] 2024-02-13 15:48:47.294 [main] DriverFactory - browser name is: chrome
[INFO ] 2024-02-13 15:48:47.303 [main] DriverFactory - running it on local
[INFO ] 2024-02-13 15:49:35.769 [main] DriverFactory - browser name is: chrome
[INFO ] 2024-02-13 15:49:35.778 [main] DriverFactory - running it on local
[INFO ] 2024-02-13 15:50:42.401 [main] DriverFactory - browser name is: chrome
[INFO ] 2024-02-13 15:50:42.401 [main] DriverFactory - running it on local
[INFO ] 2024-02-13 15:52:14.854 [main] DriverFactory - browser name is: chrome
[INFO ] 2024-02-13 15:52:14.862 [main] DriverFactory - running it on local
[INFO ] 2024-02-13 15:57:19.282 [main] DriverFactory - browser name is: chrome
[INFO ] 2024-02-13 15:57:19.288 [main] DriverFactory - running it on local
[INFO ] 2024-02-13 15:59:15.723 [main] DriverFactory - browser name is: chrome
[INFO ] 2024-02-13 15:59:15.731 [main] DriverFactory - running it on local
[INFO ] 2024-02-13 16:00:39.499 [main] DriverFactory - browser name is: chrome
[INFO ] 2024-02-13 16:00:39.505 [main] DriverFactory - running it on local
[INFO ] 2024-02-13 16:06:13.533 [main] DriverFactory - browser name is: chrome
[INFO ] 2024-02-13 16:06:13.540 [main] DriverFactory - running it on local
[INFO ] 2024-02-13 16:07:21.616 [main] DriverFactory - browser name is: chrome
[INFO ] 2024-02-13 16:07:21.623 [main] DriverFactory - running it on local
[INFO ] 2024-02-13 16:11:10.343 [main] DriverFactory - browser name is: chrome
[INFO ] 2024-02-13 16:11:10.343 [main] DriverFactory - running it on local
[INFO ] 2024-02-13 16:13:32.969 [main] DriverFactory - browser name is: chrome
[INFO ] 2024-02-13 16:13:32.976 [main] DriverFactory - running it on local
[INFO ] 2024-02-13 16:21:57.163 [main] DriverFactory - browser name is: chrome
[INFO ] 2024-02-13 16:21:57.172 [main] DriverFactory - running it on local
[INFO ] 2024-02-13 16:22:55.747 [main] DriverFactory - browser name is: chrome
[INFO ] 2024-02-13 16:22:55.756 [main] DriverFactory - running it on local
[INFO ] 2024-02-13 16:25:03.846 [main] DriverFactory - browser name is: chrome
[INFO ] 2024-02-13 16:25:03.853 [main] DriverFactory - running it on local
[INFO ] 2024-02-13 16:28:06.529 [main] DriverFactory - browser name is: chrome
[INFO ] 2024-02-13 16:28:06.536 [main] DriverFactory - running it on local
[INFO ] 2024-02-13 16:29:31.940 [main] DriverFactory - browser name is: chrome
[INFO ] 2024-02-13 16:29:31.947 [main] DriverFactory - running it on local
[INFO ] 2024-02-13 16:32:30.046 [main] DriverFactory - browser name is: chrome
[INFO ] 2024-02-13 16:32:30.051 [main] DriverFactory - running it on local
[INFO ] 2024-02-13 16:33:57.275 [main] DriverFactory - browser name is: chrome
[INFO ] 2024-02-13 16:33:57.283 [main] DriverFactory - running it on local
[INFO ] 2024-02-13 16:35:12.489 [main] DriverFactory - browser name is: chrome
[INFO ] 2024-02-13 16:35:12.496 [main] DriverFactory - running it on local
[INFO ] 2024-02-13 16:37:20.905 [main] DriverFactory - browser name is: chrome
[INFO ] 2024-02-13 16:37:20.913 [main] DriverFactory - running it on local
[INFO ] 2024-02-13 16:40:10.220 [main] DriverFactory - browser name is: chrome
[INFO ] 2024-02-13 16:40:10.227 [main] DriverFactory - running it on local
[INFO ] 2024-02-13 16:41:27.310 [main] DriverFactory - browser name is: chrome
[INFO ] 2024-02-13 16:41:27.316 [main] DriverFactory - running it on local
[INFO ] 2024-02-13 16:48:08.347 [main] DriverFactory - browser name is: chrome
[INFO ] 2024-02-13 16:48:08.356 [main] DriverFactory - running it on local
[INFO ] 2024-02-13 16:49:52.254 [main] DriverFactory - browser name is: chrome
[INFO ] 2024-02-13 16:49:52.260 [main] DriverFactory - running it on local
[INFO ] 2024-02-13 16:51:46.540 [main] DriverFactory - browser name is: chrome
[INFO ] 2024-02-13 16:51:46.547 [main] DriverFactory - running it on local
[INFO ] 2024-02-13 17:55:25.448 [main] DriverFactory - browser name is: chrome
[INFO ] 2024-02-13 17:55:25.457 [main] DriverFactory - running it on local
[INFO ] 2024-02-13 17:59:03.711 [main] DriverFactory - browser name is: chrome
[INFO ] 2024-02-13 17:59:03.722 [main] DriverFactory - running it on local
[INFO ] 2024-02-13 18:01:20.135 [main] DriverFactory - browser name is: chrome
[INFO ] 2024-02-13 18:01:20.141 [main] DriverFactory - running it on local
[INFO ] 2024-02-13 18:04:23.919 [main] DriverFactory - browser name is: chrome
[INFO ] 2024-02-13 18:04:23.925 [main] DriverFactory - running it on local
[INFO ] 2024-02-13 18:06:49.683 [main] DriverFactory - browser name is: chrome
[INFO ] 2024-02-13 18:06:49.689 [main] DriverFactory - running it on local
[INFO ] 2024-02-13 18:08:05.376 [main] DriverFactory - browser name is: chrome
[INFO ] 2024-02-13 18:08:05.383 [main] DriverFactory - running it on local
[INFO ] 2024-02-13 18:08:47.489 [main] DriverFactory - browser name is: chrome
[INFO ] 2024-02-13 18:08:47.495 [main] DriverFactory - running it on local
[INFO ] 2024-02-13 18:10:07.468 [main] DriverFactory - browser name is: chrome
[INFO ] 2024-02-13 18:10:07.474 [main] DriverFactory - running it on local
[INFO ] 2024-02-13 18:10:56.974 [main] DriverFactory - browser name is: chrome
[INFO ] 2024-02-13 18:10:56.982 [main] DriverFactory - running it on local
[INFO ] 2024-02-13 18:13:27.429 [main] DriverFactory - browser name is: chrome
[INFO ] 2024-02-13 18:13:27.436 [main] DriverFactory - running it on local
[INFO ] 2024-02-13 18:17:27.251 [main] DriverFactory - browser name is: chrome
[INFO ] 2024-02-13 18:17:27.260 [main] DriverFactory - running it on local
[INFO ] 2024-02-13 18:20:25.623 [main] DriverFactory - browser name is: chrome
[INFO ] 2024-02-13 18:20:25.631 [main] DriverFactory - running it on local
[INFO ] 2024-02-13 18:24:56.922 [main] DriverFactory - browser name is: chrome
[INFO ] 2024-02-13 18:24:56.928 [main] DriverFactory - running it on local
[INFO ] 2024-02-13 18:31:27.823 [main] DriverFactory - browser name is: chrome
[INFO ] 2024-02-13 18:31:27.834 [main] DriverFactory - running it on local
[INFO ] 2024-02-13 18:35:20.521 [main] DriverFactory - browser name is: chrome
[INFO ] 2024-02-13 18:35:20.528 [main] DriverFactory - running it on local
[INFO ] 2024-02-13 18:39:17.348 [main] DriverFactory - browser name is: chrome
[INFO ] 2024-02-13 18:39:17.357 [main] DriverFactory - running it on local
[INFO ] 2024-02-13 18:41:28.183 [main] DriverFactory - browser name is: chrome
[INFO ] 2024-02-13 18:41:28.190 [main] DriverFactory - running it on local
[INFO ] 2024-02-13 18:42:36.285 [main] DriverFactory - browser name is: chrome
[INFO ] 2024-02-13 18:42:36.292 [main] DriverFactory - running it on local
[INFO ] 2024-02-13 18:48:42.314 [main] DriverFactory - browser name is: chrome
[INFO ] 2024-02-13 18:48:42.321 [main] DriverFactory - running it on local
[INFO ] 2024-02-13 18:49:18.305 [main] DriverFactory - browser name is: chrome
[INFO ] 2024-02-13 18:49:18.314 [main] DriverFactory - running it on local
[INFO ] 2024-02-13 18:49:40.149 [main] DriverFactory - browser name is: chrome
[INFO ] 2024-02-13 18:49:40.156 [main] DriverFactory - running it on local
[INFO ] 2024-02-13 18:52:24.888 [main] DriverFactory - browser name is: chrome
[INFO ] 2024-02-13 18:52:24.902 [main] DriverFactory - running it on local
[INFO ] 2024-02-14 10:09:37.166 [main] DriverFactory - browser name is: chrome
[INFO ] 2024-02-14 10:09:37.173 [main] DriverFactory - running it on local
[INFO ] 2024-02-14 10:11:47.569 [main] DriverFactory - browser name is: chrome
[INFO ] 2024-02-14 10:11:47.582 [main] DriverFactory - running it on local
[INFO ] 2024-02-14 10:13:01.699 [main] DriverFactory - browser name is: chrome
[INFO ] 2024-02-14 10:13:01.705 [main] DriverFactory - running it on local
[INFO ] 2024-02-14 10:22:11.398 [main] DriverFactory - browser name is: chrome
[INFO ] 2024-02-14 10:22:11.555 [main] DriverFactory - running it on local
[INFO ] 2024-02-14 11:50:53.380 [main] DriverFactory - browser name is: chrome
[INFO ] 2024-02-14 11:50:53.392 [main] DriverFactory - running it on local
[INFO ] 2024-02-14 11:53:23.237 [main] DriverFactory - browser name is: chrome
[INFO ] 2024-02-14 11:53:23.246 [main] DriverFactory - running it on local
[INFO ] 2024-02-14 11:55:31.639 [main] DriverFactory - browser name is: chrome
[INFO ] 2024-02-14 11:55:31.648 [main] DriverFactory - running it on local
[INFO ] 2024-02-14 11:59:48.442 [main] DriverFactory - browser name is: chrome
[INFO ] 2024-02-14 11:59:48.451 [main] DriverFactory - running it on local
[INFO ] 2024-02-14 12:02:45.571 [main] DriverFactory - browser name is: chrome
[INFO ] 2024-02-14 12:02:45.578 [main] DriverFactory - running it on local
[INFO ] 2024-02-14 12:03:57.552 [main] DriverFactory - browser name is: chrome
[INFO ] 2024-02-14 12:03:57.573 [main] DriverFactory - running it on local
[INFO ] 2024-02-14 12:06:51.688 [main] DriverFactory - browser name is: chrome
[INFO ] 2024-02-14 12:06:51.692 [main] DriverFactory - running it on local
[INFO ] 2024-02-14 12:18:19.093 [main] DriverFactory - browser name is: chrome
[INFO ] 2024-02-14 12:18:19.098 [main] DriverFactory - running it on local
[INFO ] 2024-02-14 15:27:01.109 [main] DriverFactory - browser name is: chrome
[INFO ] 2024-02-14 15:27:01.114 [main] DriverFactory - running it on local
[INFO ] 2024-02-14 15:32:24.590 [main] DriverFactory - browser name is: chrome
[INFO ] 2024-02-14 15:32:24.596 [main] DriverFactory - running it on local
[INFO ] 2024-02-14 15:40:28.865 [main] DriverFactory - browser name is: chrome
[INFO ] 2024-02-14 15:40:28.869 [main] DriverFactory - running it on local
[INFO ] 2024-02-14 15:52:43.909 [main] DriverFactory - browser name is: chrome
[INFO ] 2024-02-14 15:52:43.914 [main] DriverFactory - running it on local
[INFO ] 2024-02-14 16:07:53.766 [main] DriverFactory - browser name is: chrome
[INFO ] 2024-02-14 16:07:53.772 [main] DriverFactory - running it on local
[INFO ] 2024-02-14 16:22:23.777 [main] DriverFactory - browser name is: chrome
[INFO ] 2024-02-14 16:22:23.786 [main] DriverFactory - running it on local
[INFO ] 2024-02-14 16:23:29.455 [main] DriverFactory - browser name is: chrome
[INFO ] 2024-02-14 16:23:29.463 [main] DriverFactory - running it on local
[INFO ] 2024-02-14 16:35:16.392 [main] DriverFactory - browser name is: chrome
[INFO ] 2024-02-14 16:35:16.399 [main] DriverFactory - running it on local
[INFO ] 2024-02-14 16:41:30.928 [main] DriverFactory - browser name is: chrome
[INFO ] 2024-02-14 16:41:30.937 [main] DriverFactory - running it on local
[INFO ] 2024-02-14 16:42:49.250 [main] DriverFactory - browser name is: chrome
[INFO ] 2024-02-14 16:42:49.256 [main] DriverFactory - running it on local
[INFO ] 2024-02-14 16:46:35.348 [main] DriverFactory - browser name is: chrome
[INFO ] 2024-02-14 16:46:35.354 [main] DriverFactory - running it on local
[INFO ] 2024-02-14 16:54:20.512 [main] DriverFactory - browser name is: chrome
[INFO ] 2024-02-14 16:54:20.518 [main] DriverFactory - running it on local
[INFO ] 2024-02-14 16:59:14.562 [main] DriverFactory - browser name is: chrome
[INFO ] 2024-02-14 16:59:14.568 [main] DriverFactory - running it on local
[INFO ] 2024-02-14 17:01:00.835 [main] DriverFactory - browser name is: chrome
[INFO ] 2024-02-14 17:01:00.840 [main] DriverFactory - running it on local
[INFO ] 2024-02-14 17:03:26.105 [main] DriverFactory - browser name is: chrome
[INFO ] 2024-02-14 17:03:26.113 [main] DriverFactory - running it on local
[INFO ] 2024-02-14 17:05:42.615 [main] DriverFactory - browser name is: chrome
[INFO ] 2024-02-14 17:05:42.621 [main] DriverFactory - running it on local
[INFO ] 2024-02-14 17:06:43.868 [main] DriverFactory - browser name is: chrome
[INFO ] 2024-02-14 17:06:43.877 [main] DriverFactory - running it on local
[INFO ] 2024-02-14 17:07:48.237 [main] DriverFactory - browser name is: chrome
[INFO ] 2024-02-14 17:07:48.243 [main] DriverFactory - running it on local
[INFO ] 2024-02-14 17:15:08.184 [main] DriverFactory - browser name is: chrome
[INFO ] 2024-02-14 17:15:08.195 [main] DriverFactory - running it on local
[INFO ] 2024-02-14 17:16:44.800 [main] DriverFactory - browser name is: chrome
[INFO ] 2024-02-14 17:16:44.805 [main] DriverFactory - running it on local
